{"/home/victormatias/Documentos/Estudos/Trybe/projetos/sd-023-b-project-trybewallet/src/App.js": {"path":"/home/victormatias/Documentos/Estudos/Trybe/projetos/sd-023-b-project-trybewallet/src/App.js","statementMap":{"0":{"start":{"line":9,"column":4},"end":{"line":16,"column":6}}},"fnMap":{"0":{"name":"(anonymous_0)","decl":{"start":{"line":8,"column":2},"end":{"line":8,"column":3}},"loc":{"start":{"line":8,"column":11},"end":{"line":17,"column":3}},"line":8}},"branchMap":{},"s":{"0":11},"f":{"0":11},"b":{},"_coverageSchema":"1a1c01bbd47fc00a2c39e90264f33305004495a9","hash":"c274d06cff60af98c0cf07ab5b01e8bce227d64c"}
,"/home/victormatias/Documentos/Estudos/Trybe/projetos/sd-023-b-project-trybewallet/src/components/Header.js": {"path":"/home/victormatias/Documentos/Estudos/Trybe/projetos/sd-023-b-project-trybewallet/src/components/Header.js","statementMap":{"0":{"start":{"line":6,"column":24},"end":{"line":14,"column":3}},"1":{"start":{"line":7,"column":4},"end":{"line":13,"column":9}},"2":{"start":{"line":8,"column":24},"end":{"line":8,"column":28}},"3":{"start":{"line":9,"column":22},"end":{"line":9,"column":55}},"4":{"start":{"line":10,"column":20},"end":{"line":10,"column":31}},"5":{"start":{"line":12,"column":6},"end":{"line":12,"column":25}},"6":{"start":{"line":17,"column":32},"end":{"line":17,"column":42}},"7":{"start":{"line":18,"column":24},"end":{"line":18,"column":83}},"8":{"start":{"line":20,"column":4},"end":{"line":29,"column":6}},"9":{"start":{"line":33,"column":0},"end":{"line":35,"column":13}},"10":{"start":{"line":37,"column":24},"end":{"line":40,"column":2}},"11":{"start":{"line":37,"column":36},"end":{"line":40,"column":1}}},"fnMap":{"0":{"name":"(anonymous_0)","decl":{"start":{"line":6,"column":24},"end":{"line":6,"column":25}},"loc":{"start":{"line":7,"column":4},"end":{"line":13,"column":9}},"line":7},"1":{"name":"(anonymous_1)","decl":{"start":{"line":7,"column":20},"end":{"line":7,"column":21}},"loc":{"start":{"line":7,"column":35},"end":{"line":13,"column":5}},"line":7},"2":{"name":"(anonymous_2)","decl":{"start":{"line":16,"column":2},"end":{"line":16,"column":3}},"loc":{"start":{"line":16,"column":11},"end":{"line":30,"column":3}},"line":16},"3":{"name":"(anonymous_3)","decl":{"start":{"line":37,"column":24},"end":{"line":37,"column":25}},"loc":{"start":{"line":37,"column":36},"end":{"line":40,"column":1}},"line":37}},"branchMap":{"0":{"loc":{"start":{"line":18,"column":24},"end":{"line":18,"column":83}},"type":"cond-expr","locations":[{"start":{"line":18,"column":42},"end":{"line":18,"column":76}},{"start":{"line":18,"column":79},"end":{"line":18,"column":83}}],"line":18}},"s":{"0":7,"1":6,"2":6,"3":6,"4":6,"5":6,"6":10,"7":10,"8":10,"9":2,"10":2,"11":24},"f":{"0":6,"1":6,"2":10,"3":24},"b":{"0":[6,4]},"_coverageSchema":"1a1c01bbd47fc00a2c39e90264f33305004495a9","hash":"223fa6384f64f49828c7e02fafd946eb4e62e93d"}
,"/home/victormatias/Documentos/Estudos/Trybe/projetos/sd-023-b-project-trybewallet/src/components/Loading.js": {"path":"/home/victormatias/Documentos/Estudos/Trybe/projetos/sd-023-b-project-trybewallet/src/components/Loading.js","statementMap":{"0":{"start":{"line":5,"column":4},"end":{"line":9,"column":6}}},"fnMap":{"0":{"name":"(anonymous_0)","decl":{"start":{"line":4,"column":2},"end":{"line":4,"column":3}},"loc":{"start":{"line":4,"column":11},"end":{"line":10,"column":3}},"line":4}},"branchMap":{},"s":{"0":8},"f":{"0":8},"b":{},"_coverageSchema":"1a1c01bbd47fc00a2c39e90264f33305004495a9","hash":"9aca0ffc5390d6135f10619c68d94a3cb0e186f5"}
,"/home/victormatias/Documentos/Estudos/Trybe/projetos/sd-023-b-project-trybewallet/src/components/Option.js": {"path":"/home/victormatias/Documentos/Estudos/Trybe/projetos/sd-023-b-project-trybewallet/src/components/Option.js","statementMap":{"0":{"start":{"line":6,"column":28},"end":{"line":6,"column":38}},"1":{"start":{"line":7,"column":4},"end":{"line":13,"column":6}},"2":{"start":{"line":17,"column":0},"end":{"line":20,"column":13}}},"fnMap":{"0":{"name":"(anonymous_0)","decl":{"start":{"line":5,"column":2},"end":{"line":5,"column":3}},"loc":{"start":{"line":5,"column":11},"end":{"line":14,"column":3}},"line":5}},"branchMap":{},"s":{"0":1085,"1":1085,"2":2},"f":{"0":1085},"b":{},"_coverageSchema":"1a1c01bbd47fc00a2c39e90264f33305004495a9","hash":"bfcd3478a228fdbe74409043e6d014c6c72c41d4"}
,"/home/victormatias/Documentos/Estudos/Trybe/projetos/sd-023-b-project-trybewallet/src/components/Table.js": {"path":"/home/victormatias/Documentos/Estudos/Trybe/projetos/sd-023-b-project-trybewallet/src/components/Table.js","statementMap":{"0":{"start":{"line":9,"column":35},"end":{"line":9,"column":45}},"1":{"start":{"line":11,"column":4},"end":{"line":74,"column":6}},"2":{"start":{"line":32,"column":16},"end":{"line":68,"column":21}},"3":{"start":{"line":54,"column":38},"end":{"line":54,"column":71}},"4":{"start":{"line":62,"column":38},"end":{"line":62,"column":73}},"5":{"start":{"line":78,"column":0},"end":{"line":80,"column":13}},"6":{"start":{"line":82,"column":24},"end":{"line":84,"column":2}},"7":{"start":{"line":82,"column":36},"end":{"line":84,"column":1}}},"fnMap":{"0":{"name":"(anonymous_0)","decl":{"start":{"line":8,"column":2},"end":{"line":8,"column":3}},"loc":{"start":{"line":8,"column":11},"end":{"line":75,"column":3}},"line":8},"1":{"name":"(anonymous_1)","decl":{"start":{"line":31,"column":27},"end":{"line":31,"column":28}},"loc":{"start":{"line":32,"column":16},"end":{"line":68,"column":21}},"line":32},"2":{"name":"(anonymous_2)","decl":{"start":{"line":54,"column":32},"end":{"line":54,"column":33}},"loc":{"start":{"line":54,"column":38},"end":{"line":54,"column":71}},"line":54},"3":{"name":"(anonymous_3)","decl":{"start":{"line":62,"column":32},"end":{"line":62,"column":33}},"loc":{"start":{"line":62,"column":38},"end":{"line":62,"column":73}},"line":62},"4":{"name":"(anonymous_4)","decl":{"start":{"line":82,"column":24},"end":{"line":82,"column":25}},"loc":{"start":{"line":82,"column":36},"end":{"line":84,"column":1}},"line":82}},"branchMap":{},"s":{"0":15,"1":15,"2":9,"3":1,"4":1,"5":2,"6":2,"7":23},"f":{"0":15,"1":9,"2":1,"3":1,"4":23},"b":{},"_coverageSchema":"1a1c01bbd47fc00a2c39e90264f33305004495a9","hash":"d6ac8618cbadb07de46de951f668359e90e6a0d3"}
,"/home/victormatias/Documentos/Estudos/Trybe/projetos/sd-023-b-project-trybewallet/src/components/WalletForm.js": {"path":"/home/victormatias/Documentos/Estudos/Trybe/projetos/sd-023-b-project-trybewallet/src/components/WalletForm.js","statementMap":{"0":{"start":{"line":7,"column":31},"end":{"line":7,"column":44}},"1":{"start":{"line":11,"column":4},"end":{"line":11,"column":12}},"2":{"start":{"line":12,"column":4},"end":{"line":18,"column":6}},"3":{"start":{"line":21,"column":17},"end":{"line":23,"column":3}},"4":{"start":{"line":22,"column":4},"end":{"line":22,"column":51}},"5":{"start":{"line":25,"column":17},"end":{"line":36,"column":3}},"6":{"start":{"line":26,"column":4},"end":{"line":26,"column":27}},"7":{"start":{"line":27,"column":25},"end":{"line":27,"column":35}},"8":{"start":{"line":28,"column":4},"end":{"line":28,"column":38}},"9":{"start":{"line":29,"column":4},"end":{"line":35,"column":7}},"10":{"start":{"line":40,"column":22},"end":{"line":40,"column":32}},"11":{"start":{"line":41,"column":27},"end":{"line":41,"column":37}},"12":{"start":{"line":42,"column":27},"end":{"line":42,"column":80}},"13":{"start":{"line":43,"column":17},"end":{"line":43,"column":85}},"14":{"start":{"line":45,"column":4},"end":{"line":113,"column":6}},"15":{"start":{"line":70,"column":14},"end":{"line":74,"column":16}},"16":{"start":{"line":86,"column":14},"end":{"line":90,"column":16}},"17":{"start":{"line":102,"column":14},"end":{"line":102,"column":57}},"18":{"start":{"line":117,"column":0},"end":{"line":122,"column":13}},"19":{"start":{"line":124,"column":24},"end":{"line":126,"column":2}},"20":{"start":{"line":124,"column":36},"end":{"line":126,"column":1}}},"fnMap":{"0":{"name":"(anonymous_0)","decl":{"start":{"line":10,"column":2},"end":{"line":10,"column":3}},"loc":{"start":{"line":10,"column":16},"end":{"line":19,"column":3}},"line":10},"1":{"name":"(anonymous_1)","decl":{"start":{"line":21,"column":17},"end":{"line":21,"column":18}},"loc":{"start":{"line":21,"column":33},"end":{"line":23,"column":3}},"line":21},"2":{"name":"(anonymous_2)","decl":{"start":{"line":25,"column":17},"end":{"line":25,"column":18}},"loc":{"start":{"line":25,"column":28},"end":{"line":36,"column":3}},"line":25},"3":{"name":"(anonymous_3)","decl":{"start":{"line":38,"column":2},"end":{"line":38,"column":3}},"loc":{"start":{"line":38,"column":11},"end":{"line":114,"column":3}},"line":38},"4":{"name":"(anonymous_4)","decl":{"start":{"line":69,"column":27},"end":{"line":69,"column":28}},"loc":{"start":{"line":70,"column":14},"end":{"line":74,"column":16}},"line":70},"5":{"name":"(anonymous_5)","decl":{"start":{"line":85,"column":31},"end":{"line":85,"column":32}},"loc":{"start":{"line":86,"column":14},"end":{"line":90,"column":16}},"line":86},"6":{"name":"(anonymous_6)","decl":{"start":{"line":101,"column":21},"end":{"line":101,"column":22}},"loc":{"start":{"line":102,"column":14},"end":{"line":102,"column":57}},"line":102},"7":{"name":"(anonymous_7)","decl":{"start":{"line":124,"column":24},"end":{"line":124,"column":25}},"loc":{"start":{"line":124,"column":36},"end":{"line":126,"column":1}},"line":124}},"branchMap":{},"s":{"0":2,"1":7,"2":7,"3":7,"4":12,"5":7,"6":1,"7":1,"8":1,"9":1,"10":25,"11":25,"12":25,"13":25,"14":25,"15":195,"16":75,"17":125,"18":2,"19":2,"20":21},"f":{"0":7,"1":12,"2":1,"3":25,"4":195,"5":75,"6":125,"7":21},"b":{},"_coverageSchema":"1a1c01bbd47fc00a2c39e90264f33305004495a9","hash":"dda6b9a76f57d5dd9cee64a3dffe2403f0968645"}
,"/home/victormatias/Documentos/Estudos/Trybe/projetos/sd-023-b-project-trybewallet/src/components/WalletFormEdit.js": {"path":"/home/victormatias/Documentos/Estudos/Trybe/projetos/sd-023-b-project-trybewallet/src/components/WalletFormEdit.js","statementMap":{"0":{"start":{"line":7,"column":31},"end":{"line":7,"column":44}},"1":{"start":{"line":11,"column":4},"end":{"line":11,"column":12}},"2":{"start":{"line":12,"column":4},"end":{"line":18,"column":6}},"3":{"start":{"line":22,"column":32},"end":{"line":22,"column":42}},"4":{"start":{"line":23,"column":4},"end":{"line":31,"column":7}},"5":{"start":{"line":34,"column":17},"end":{"line":36,"column":3}},"6":{"start":{"line":35,"column":4},"end":{"line":35,"column":51}},"7":{"start":{"line":38,"column":17},"end":{"line":50,"column":3}},"8":{"start":{"line":39,"column":32},"end":{"line":39,"column":42}},"9":{"start":{"line":40,"column":4},"end":{"line":40,"column":27}},"10":{"start":{"line":41,"column":25},"end":{"line":41,"column":35}},"11":{"start":{"line":42,"column":4},"end":{"line":48,"column":7}},"12":{"start":{"line":49,"column":4},"end":{"line":49,"column":55}},"13":{"start":{"line":54,"column":22},"end":{"line":54,"column":32}},"14":{"start":{"line":55,"column":27},"end":{"line":55,"column":37}},"15":{"start":{"line":56,"column":27},"end":{"line":56,"column":80}},"16":{"start":{"line":57,"column":17},"end":{"line":57,"column":85}},"17":{"start":{"line":59,"column":4},"end":{"line":128,"column":6}},"18":{"start":{"line":84,"column":14},"end":{"line":88,"column":16}},"19":{"start":{"line":100,"column":14},"end":{"line":104,"column":16}},"20":{"start":{"line":116,"column":14},"end":{"line":116,"column":57}},"21":{"start":{"line":132,"column":0},"end":{"line":137,"column":13}},"22":{"start":{"line":139,"column":24},"end":{"line":143,"column":2}},"23":{"start":{"line":139,"column":36},"end":{"line":143,"column":1}}},"fnMap":{"0":{"name":"(anonymous_0)","decl":{"start":{"line":10,"column":2},"end":{"line":10,"column":3}},"loc":{"start":{"line":10,"column":16},"end":{"line":19,"column":3}},"line":10},"1":{"name":"(anonymous_1)","decl":{"start":{"line":21,"column":2},"end":{"line":21,"column":3}},"loc":{"start":{"line":21,"column":22},"end":{"line":32,"column":3}},"line":21},"2":{"name":"(anonymous_2)","decl":{"start":{"line":34,"column":17},"end":{"line":34,"column":18}},"loc":{"start":{"line":34,"column":33},"end":{"line":36,"column":3}},"line":34},"3":{"name":"(anonymous_3)","decl":{"start":{"line":38,"column":17},"end":{"line":38,"column":18}},"loc":{"start":{"line":38,"column":28},"end":{"line":50,"column":3}},"line":38},"4":{"name":"(anonymous_4)","decl":{"start":{"line":52,"column":2},"end":{"line":52,"column":3}},"loc":{"start":{"line":52,"column":11},"end":{"line":129,"column":3}},"line":52},"5":{"name":"(anonymous_5)","decl":{"start":{"line":83,"column":27},"end":{"line":83,"column":28}},"loc":{"start":{"line":84,"column":14},"end":{"line":88,"column":16}},"line":84},"6":{"name":"(anonymous_6)","decl":{"start":{"line":99,"column":31},"end":{"line":99,"column":32}},"loc":{"start":{"line":100,"column":14},"end":{"line":104,"column":16}},"line":100},"7":{"name":"(anonymous_7)","decl":{"start":{"line":115,"column":21},"end":{"line":115,"column":22}},"loc":{"start":{"line":116,"column":14},"end":{"line":116,"column":57}},"line":116},"8":{"name":"(anonymous_8)","decl":{"start":{"line":139,"column":24},"end":{"line":139,"column":25}},"loc":{"start":{"line":139,"column":36},"end":{"line":143,"column":1}},"line":139}},"branchMap":{},"s":{"0":2,"1":2,"2":2,"3":2,"4":2,"5":2,"6":26,"7":2,"8":1,"9":1,"10":1,"11":1,"12":1,"13":30,"14":30,"15":30,"16":30,"17":30,"18":450,"19":90,"20":150,"21":2,"22":2,"23":3},"f":{"0":2,"1":2,"2":26,"3":1,"4":30,"5":450,"6":90,"7":150,"8":3},"b":{},"_coverageSchema":"1a1c01bbd47fc00a2c39e90264f33305004495a9","hash":"01ddab0d2f46496c07683159d113e51af459481d"}
,"/home/victormatias/Documentos/Estudos/Trybe/projetos/sd-023-b-project-trybewallet/src/pages/Login.js": {"path":"/home/victormatias/Documentos/Estudos/Trybe/projetos/sd-023-b-project-trybewallet/src/pages/Login.js","statementMap":{"0":{"start":{"line":9,"column":4},"end":{"line":9,"column":12}},"1":{"start":{"line":10,"column":4},"end":{"line":14,"column":6}},"2":{"start":{"line":17,"column":19},"end":{"line":31,"column":3}},"3":{"start":{"line":18,"column":32},"end":{"line":18,"column":42}},"4":{"start":{"line":20,"column":23},"end":{"line":20,"column":37}},"5":{"start":{"line":21,"column":22},"end":{"line":21,"column":23}},"6":{"start":{"line":23,"column":26},"end":{"line":23,"column":48}},"7":{"start":{"line":24,"column":25},"end":{"line":24,"column":53}},"8":{"start":{"line":26,"column":4},"end":{"line":30,"column":5}},"9":{"start":{"line":27,"column":6},"end":{"line":27,"column":49}},"10":{"start":{"line":29,"column":6},"end":{"line":29,"column":48}},"11":{"start":{"line":33,"column":17},"end":{"line":35,"column":3}},"12":{"start":{"line":34,"column":4},"end":{"line":34,"column":72}},"13":{"start":{"line":37,"column":16},"end":{"line":44,"column":3}},"14":{"start":{"line":38,"column":4},"end":{"line":38,"column":27}},"15":{"start":{"line":39,"column":34},"end":{"line":39,"column":44}},"16":{"start":{"line":40,"column":22},"end":{"line":40,"column":32}},"17":{"start":{"line":42,"column":4},"end":{"line":42,"column":35}},"18":{"start":{"line":43,"column":4},"end":{"line":43,"column":30}},"19":{"start":{"line":47,"column":50},"end":{"line":47,"column":60}},"20":{"start":{"line":49,"column":4},"end":{"line":116,"column":6}},"21":{"start":{"line":120,"column":0},"end":{"line":122,"column":13}}},"fnMap":{"0":{"name":"(anonymous_0)","decl":{"start":{"line":8,"column":2},"end":{"line":8,"column":3}},"loc":{"start":{"line":8,"column":16},"end":{"line":15,"column":3}},"line":8},"1":{"name":"(anonymous_1)","decl":{"start":{"line":17,"column":19},"end":{"line":17,"column":20}},"loc":{"start":{"line":17,"column":25},"end":{"line":31,"column":3}},"line":17},"2":{"name":"(anonymous_2)","decl":{"start":{"line":33,"column":17},"end":{"line":33,"column":18}},"loc":{"start":{"line":33,"column":33},"end":{"line":35,"column":3}},"line":33},"3":{"name":"(anonymous_3)","decl":{"start":{"line":37,"column":16},"end":{"line":37,"column":17}},"loc":{"start":{"line":37,"column":27},"end":{"line":44,"column":3}},"line":37},"4":{"name":"(anonymous_4)","decl":{"start":{"line":46,"column":2},"end":{"line":46,"column":3}},"loc":{"start":{"line":46,"column":11},"end":{"line":117,"column":3}},"line":46}},"branchMap":{"0":{"loc":{"start":{"line":26,"column":4},"end":{"line":30,"column":5}},"type":"if","locations":[{"start":{"line":26,"column":4},"end":{"line":30,"column":5}},{"start":{"line":28,"column":11},"end":{"line":30,"column":5}}],"line":26},"1":{"loc":{"start":{"line":26,"column":8},"end":{"line":26,"column":37}},"type":"binary-expr","locations":[{"start":{"line":26,"column":8},"end":{"line":26,"column":21}},{"start":{"line":26,"column":25},"end":{"line":26,"column":37}}],"line":26}},"s":{"0":5,"1":5,"2":5,"3":136,"4":136,"5":136,"6":136,"7":136,"8":136,"9":17,"10":119,"11":5,"12":136,"13":5,"14":1,"15":1,"16":1,"17":1,"18":1,"19":277,"20":277,"21":2},"f":{"0":5,"1":136,"2":136,"3":1,"4":277},"b":{"0":[17,119],"1":[136,67]},"_coverageSchema":"1a1c01bbd47fc00a2c39e90264f33305004495a9","hash":"250d68e3b27267686ecd48f2650aa41bc4fdc773"}
,"/home/victormatias/Documentos/Estudos/Trybe/projetos/sd-023-b-project-trybewallet/src/pages/Wallet.js": {"path":"/home/victormatias/Documentos/Estudos/Trybe/projetos/sd-023-b-project-trybewallet/src/pages/Wallet.js","statementMap":{"0":{"start":{"line":13,"column":25},"end":{"line":13,"column":35}},"1":{"start":{"line":14,"column":4},"end":{"line":14,"column":32}},"2":{"start":{"line":18,"column":32},"end":{"line":18,"column":42}},"3":{"start":{"line":19,"column":4},"end":{"line":25,"column":6}},"4":{"start":{"line":29,"column":0},"end":{"line":31,"column":13}},"5":{"start":{"line":33,"column":24},"end":{"line":36,"column":2}},"6":{"start":{"line":33,"column":41},"end":{"line":36,"column":1}}},"fnMap":{"0":{"name":"(anonymous_0)","decl":{"start":{"line":12,"column":2},"end":{"line":12,"column":3}},"loc":{"start":{"line":12,"column":22},"end":{"line":15,"column":3}},"line":12},"1":{"name":"(anonymous_1)","decl":{"start":{"line":17,"column":2},"end":{"line":17,"column":3}},"loc":{"start":{"line":17,"column":11},"end":{"line":26,"column":3}},"line":17},"2":{"name":"(anonymous_2)","decl":{"start":{"line":33,"column":24},"end":{"line":33,"column":25}},"loc":{"start":{"line":33,"column":41},"end":{"line":36,"column":1}},"line":33}},"branchMap":{"0":{"loc":{"start":{"line":22,"column":10},"end":{"line":22,"column":54}},"type":"cond-expr","locations":[{"start":{"line":22,"column":19},"end":{"line":22,"column":37}},{"start":{"line":22,"column":40},"end":{"line":22,"column":54}}],"line":22},"1":{"loc":{"start":{"line":23,"column":10},"end":{"line":23,"column":43}},"type":"cond-expr","locations":[{"start":{"line":23,"column":20},"end":{"line":23,"column":31}},{"start":{"line":23,"column":34},"end":{"line":23,"column":43}}],"line":23}},"s":{"0":7,"1":7,"2":23,"3":23,"4":2,"5":2,"6":24},"f":{"0":7,"1":23,"2":24},"b":{"0":[3,20],"1":[8,15]},"_coverageSchema":"1a1c01bbd47fc00a2c39e90264f33305004495a9","hash":"2e1afd8cba2f48b56f15426861f8809114e859ac"}
,"/home/victormatias/Documentos/Estudos/Trybe/projetos/sd-023-b-project-trybewallet/src/redux/actions/currencyActions.js": {"path":"/home/victormatias/Documentos/Estudos/Trybe/projetos/sd-023-b-project-trybewallet/src/redux/actions/currencyActions.js","statementMap":{"0":{"start":{"line":3,"column":23},"end":{"line":3,"column":32}},"1":{"start":{"line":4,"column":30},"end":{"line":4,"column":46}},"2":{"start":{"line":5,"column":31},"end":{"line":5,"column":48}},"3":{"start":{"line":7,"column":21},"end":{"line":9,"column":2}},"4":{"start":{"line":7,"column":28},"end":{"line":9,"column":1}},"5":{"start":{"line":11,"column":27},"end":{"line":14,"column":2}},"6":{"start":{"line":11,"column":44},"end":{"line":14,"column":1}},"7":{"start":{"line":16,"column":28},"end":{"line":19,"column":2}},"8":{"start":{"line":16,"column":40},"end":{"line":19,"column":1}},"9":{"start":{"line":21,"column":31},"end":{"line":33,"column":1}},"10":{"start":{"line":22,"column":2},"end":{"line":32,"column":3}},"11":{"start":{"line":23,"column":4},"end":{"line":23,"column":29}},"12":{"start":{"line":25,"column":4},"end":{"line":31,"column":5}},"13":{"start":{"line":26,"column":23},"end":{"line":26,"column":46}},"14":{"start":{"line":27,"column":6},"end":{"line":27,"column":45}},"15":{"start":{"line":29,"column":6},"end":{"line":29,"column":32}},"16":{"start":{"line":30,"column":6},"end":{"line":30,"column":50}}},"fnMap":{"0":{"name":"(anonymous_0)","decl":{"start":{"line":7,"column":21},"end":{"line":7,"column":22}},"loc":{"start":{"line":7,"column":28},"end":{"line":9,"column":1}},"line":7},"1":{"name":"(anonymous_1)","decl":{"start":{"line":11,"column":27},"end":{"line":11,"column":28}},"loc":{"start":{"line":11,"column":44},"end":{"line":14,"column":1}},"line":11},"2":{"name":"(anonymous_2)","decl":{"start":{"line":16,"column":28},"end":{"line":16,"column":29}},"loc":{"start":{"line":16,"column":40},"end":{"line":19,"column":1}},"line":16},"3":{"name":"(anonymous_3)","decl":{"start":{"line":21,"column":31},"end":{"line":21,"column":32}},"loc":{"start":{"line":22,"column":2},"end":{"line":32,"column":3}},"line":22},"4":{"name":"(anonymous_4)","decl":{"start":{"line":22,"column":2},"end":{"line":22,"column":3}},"loc":{"start":{"line":22,"column":22},"end":{"line":32,"column":3}},"line":22}},"branchMap":{},"s":{"0":2,"1":2,"2":2,"3":2,"4":7,"5":2,"6":6,"7":2,"8":0,"9":2,"10":7,"11":7,"12":7,"13":7,"14":6,"15":0,"16":0},"f":{"0":7,"1":6,"2":0,"3":7,"4":7},"b":{},"_coverageSchema":"1a1c01bbd47fc00a2c39e90264f33305004495a9","hash":"202d6172e1425e8cfe59ac082cc6e759b4a1828d"}
,"/home/victormatias/Documentos/Estudos/Trybe/projetos/sd-023-b-project-trybewallet/src/redux/actions/deleteExpense.js": {"path":"/home/victormatias/Documentos/Estudos/Trybe/projetos/sd-023-b-project-trybewallet/src/redux/actions/deleteExpense.js","statementMap":{"0":{"start":{"line":1,"column":30},"end":{"line":1,"column":46}},"1":{"start":{"line":3,"column":29},"end":{"line":6,"column":2}},"2":{"start":{"line":3,"column":38},"end":{"line":6,"column":1}}},"fnMap":{"0":{"name":"(anonymous_0)","decl":{"start":{"line":3,"column":29},"end":{"line":3,"column":30}},"loc":{"start":{"line":3,"column":38},"end":{"line":6,"column":1}},"line":3}},"branchMap":{},"s":{"0":2,"1":2,"2":1},"f":{"0":1},"b":{},"_coverageSchema":"1a1c01bbd47fc00a2c39e90264f33305004495a9","hash":"ad1ddf73d34b78fd17d6ad63920a592c78e14d48"}
,"/home/victormatias/Documentos/Estudos/Trybe/projetos/sd-023-b-project-trybewallet/src/redux/actions/editExpense.js": {"path":"/home/victormatias/Documentos/Estudos/Trybe/projetos/sd-023-b-project-trybewallet/src/redux/actions/editExpense.js","statementMap":{"0":{"start":{"line":1,"column":28},"end":{"line":1,"column":42}},"1":{"start":{"line":2,"column":25},"end":{"line":2,"column":36}},"2":{"start":{"line":4,"column":27},"end":{"line":7,"column":2}},"3":{"start":{"line":4,"column":36},"end":{"line":7,"column":1}},"4":{"start":{"line":9,"column":24},"end":{"line":13,"column":2}},"5":{"start":{"line":9,"column":42},"end":{"line":13,"column":1}}},"fnMap":{"0":{"name":"(anonymous_0)","decl":{"start":{"line":4,"column":27},"end":{"line":4,"column":28}},"loc":{"start":{"line":4,"column":36},"end":{"line":7,"column":1}},"line":4},"1":{"name":"(anonymous_1)","decl":{"start":{"line":9,"column":24},"end":{"line":9,"column":25}},"loc":{"start":{"line":9,"column":42},"end":{"line":13,"column":1}},"line":9}},"branchMap":{},"s":{"0":2,"1":2,"2":2,"3":1,"4":2,"5":1},"f":{"0":1,"1":1},"b":{},"_coverageSchema":"1a1c01bbd47fc00a2c39e90264f33305004495a9","hash":"ad77146cbd6a0e5c5ecf478dfe1d60e6ab329358"}
,"/home/victormatias/Documentos/Estudos/Trybe/projetos/sd-023-b-project-trybewallet/src/redux/actions/index.js": {"path":"/home/victormatias/Documentos/Estudos/Trybe/projetos/sd-023-b-project-trybewallet/src/redux/actions/index.js","statementMap":{},"fnMap":{},"branchMap":{},"s":{},"f":{},"b":{}}
,"/home/victormatias/Documentos/Estudos/Trybe/projetos/sd-023-b-project-trybewallet/src/redux/actions/saveExpense.js": {"path":"/home/victormatias/Documentos/Estudos/Trybe/projetos/sd-023-b-project-trybewallet/src/redux/actions/saveExpense.js","statementMap":{"0":{"start":{"line":4,"column":48},"end":{"line":4,"column":82}},"1":{"start":{"line":6,"column":21},"end":{"line":8,"column":2}},"2":{"start":{"line":6,"column":28},"end":{"line":8,"column":1}},"3":{"start":{"line":10,"column":27},"end":{"line":14,"column":2}},"4":{"start":{"line":10,"column":53},"end":{"line":14,"column":1}},"5":{"start":{"line":16,"column":28},"end":{"line":19,"column":2}},"6":{"start":{"line":16,"column":40},"end":{"line":19,"column":1}},"7":{"start":{"line":21,"column":27},"end":{"line":33,"column":1}},"8":{"start":{"line":22,"column":2},"end":{"line":32,"column":3}},"9":{"start":{"line":23,"column":4},"end":{"line":23,"column":29}},"10":{"start":{"line":25,"column":4},"end":{"line":31,"column":5}},"11":{"start":{"line":26,"column":23},"end":{"line":26,"column":46}},"12":{"start":{"line":27,"column":6},"end":{"line":27,"column":54}},"13":{"start":{"line":29,"column":6},"end":{"line":29,"column":32}},"14":{"start":{"line":30,"column":6},"end":{"line":30,"column":40}}},"fnMap":{"0":{"name":"(anonymous_0)","decl":{"start":{"line":6,"column":21},"end":{"line":6,"column":22}},"loc":{"start":{"line":6,"column":28},"end":{"line":8,"column":1}},"line":6},"1":{"name":"(anonymous_1)","decl":{"start":{"line":10,"column":27},"end":{"line":10,"column":28}},"loc":{"start":{"line":10,"column":53},"end":{"line":14,"column":1}},"line":10},"2":{"name":"(anonymous_2)","decl":{"start":{"line":16,"column":28},"end":{"line":16,"column":29}},"loc":{"start":{"line":16,"column":40},"end":{"line":19,"column":1}},"line":16},"3":{"name":"(anonymous_3)","decl":{"start":{"line":21,"column":27},"end":{"line":21,"column":28}},"loc":{"start":{"line":22,"column":2},"end":{"line":32,"column":3}},"line":22},"4":{"name":"(anonymous_4)","decl":{"start":{"line":22,"column":2},"end":{"line":22,"column":3}},"loc":{"start":{"line":22,"column":22},"end":{"line":32,"column":3}},"line":22}},"branchMap":{},"s":{"0":2,"1":2,"2":1,"3":2,"4":1,"5":2,"6":0,"7":2,"8":1,"9":1,"10":1,"11":1,"12":1,"13":0,"14":0},"f":{"0":1,"1":1,"2":0,"3":1,"4":1},"b":{},"_coverageSchema":"1a1c01bbd47fc00a2c39e90264f33305004495a9","hash":"d6df531c14ed026fc3759b5ce86c362d7e630d56"}
,"/home/victormatias/Documentos/Estudos/Trybe/projetos/sd-023-b-project-trybewallet/src/redux/actions/saveUserInfos.js": {"path":"/home/victormatias/Documentos/Estudos/Trybe/projetos/sd-023-b-project-trybewallet/src/redux/actions/saveUserInfos.js","statementMap":{"0":{"start":{"line":1,"column":31},"end":{"line":1,"column":50}},"1":{"start":{"line":3,"column":29},"end":{"line":8,"column":1}},"2":{"start":{"line":4,"column":2},"end":{"line":7,"column":3}}},"fnMap":{"0":{"name":"(anonymous_0)","decl":{"start":{"line":3,"column":29},"end":{"line":3,"column":30}},"loc":{"start":{"line":4,"column":2},"end":{"line":7,"column":3}},"line":4}},"branchMap":{},"s":{"0":2,"1":2,"2":1},"f":{"0":1},"b":{},"_coverageSchema":"1a1c01bbd47fc00a2c39e90264f33305004495a9","hash":"c2747c416e3373697d77348fa9e34ef6aab56411"}
,"/home/victormatias/Documentos/Estudos/Trybe/projetos/sd-023-b-project-trybewallet/src/redux/reducers/index.js": {"path":"/home/victormatias/Documentos/Estudos/Trybe/projetos/sd-023-b-project-trybewallet/src/redux/reducers/index.js","statementMap":{"0":{"start":{"line":8,"column":20},"end":{"line":11,"column":2}}},"fnMap":{},"branchMap":{},"s":{"0":2},"f":{},"b":{},"_coverageSchema":"1a1c01bbd47fc00a2c39e90264f33305004495a9","hash":"4e78bc838ccaba1713b67c0d0859d92b80b7c752"}
,"/home/victormatias/Documentos/Estudos/Trybe/projetos/sd-023-b-project-trybewallet/src/redux/reducers/user.js": {"path":"/home/victormatias/Documentos/Estudos/Trybe/projetos/sd-023-b-project-trybewallet/src/redux/reducers/user.js","statementMap":{"0":{"start":{"line":4,"column":22},"end":{"line":6,"column":1}},"1":{"start":{"line":8,"column":20},"end":{"line":16,"column":1}},"2":{"start":{"line":9,"column":2},"end":{"line":15,"column":3}},"3":{"start":{"line":10,"column":24},"end":{"line":13,"column":4}},"4":{"start":{"line":14,"column":11},"end":{"line":14,"column":24}}},"fnMap":{"0":{"name":"(anonymous_0)","decl":{"start":{"line":8,"column":20},"end":{"line":8,"column":21}},"loc":{"start":{"line":8,"column":55},"end":{"line":16,"column":1}},"line":8}},"branchMap":{"0":{"loc":{"start":{"line":8,"column":21},"end":{"line":8,"column":42}},"type":"default-arg","locations":[{"start":{"line":8,"column":29},"end":{"line":8,"column":42}}],"line":8},"1":{"loc":{"start":{"line":9,"column":2},"end":{"line":15,"column":3}},"type":"switch","locations":[{"start":{"line":10,"column":2},"end":{"line":13,"column":4}},{"start":{"line":14,"column":2},"end":{"line":14,"column":24}}],"line":9}},"s":{"0":2,"1":2,"2":34,"3":1,"4":33},"f":{"0":34},"b":{"0":[11],"1":[1,33]},"_coverageSchema":"1a1c01bbd47fc00a2c39e90264f33305004495a9","hash":"190a381e91ff06012e9822170430b5fa4a29c13f"}
,"/home/victormatias/Documentos/Estudos/Trybe/projetos/sd-023-b-project-trybewallet/src/redux/reducers/wallet.js": {"path":"/home/victormatias/Documentos/Estudos/Trybe/projetos/sd-023-b-project-trybewallet/src/redux/reducers/wallet.js","statementMap":{"0":{"start":{"line":7,"column":22},"end":{"line":12,"column":1}},"1":{"start":{"line":14,"column":17},"end":{"line":18,"column":6}},"2":{"start":{"line":14,"column":31},"end":{"line":18,"column":6}},"3":{"start":{"line":15,"column":2},"end":{"line":15,"column":14}},"4":{"start":{"line":16,"column":2},"end":{"line":16,"column":17}},"5":{"start":{"line":17,"column":2},"end":{"line":17,"column":13}},"6":{"start":{"line":20,"column":17},"end":{"line":29,"column":1}},"7":{"start":{"line":21,"column":31},"end":{"line":26,"column":10}},"8":{"start":{"line":23,"column":44},"end":{"line":23,"column":48}},"9":{"start":{"line":24,"column":6},"end":{"line":24,"column":40}},"10":{"start":{"line":25,"column":6},"end":{"line":25,"column":17}},"11":{"start":{"line":27,"column":2},"end":{"line":27,"column":47}},"12":{"start":{"line":28,"column":2},"end":{"line":28,"column":17}},"13":{"start":{"line":31,"column":22},"end":{"line":75,"column":1}},"14":{"start":{"line":32,"column":2},"end":{"line":74,"column":3}},"15":{"start":{"line":33,"column":16},"end":{"line":33,"column":51}},"16":{"start":{"line":35,"column":29},"end":{"line":36,"column":48}},"17":{"start":{"line":36,"column":28},"end":{"line":36,"column":47}},"18":{"start":{"line":37,"column":4},"end":{"line":38,"column":6}},"19":{"start":{"line":40,"column":24},"end":{"line":40,"column":60}},"20":{"start":{"line":42,"column":27},"end":{"line":43,"column":50}},"21":{"start":{"line":44,"column":4},"end":{"line":45,"column":6}},"22":{"start":{"line":48,"column":25},"end":{"line":48,"column":30}},"23":{"start":{"line":49,"column":29},"end":{"line":49,"column":83}},"24":{"start":{"line":49,"column":58},"end":{"line":49,"column":82}},"25":{"start":{"line":50,"column":4},"end":{"line":50,"column":52}},"26":{"start":{"line":53,"column":25},"end":{"line":53,"column":30}},"27":{"start":{"line":54,"column":28},"end":{"line":54,"column":80}},"28":{"start":{"line":54,"column":55},"end":{"line":54,"column":79}},"29":{"start":{"line":55,"column":4},"end":{"line":58,"column":6}},"30":{"start":{"line":61,"column":25},"end":{"line":61,"column":30}},"31":{"start":{"line":62,"column":26},"end":{"line":70,"column":10}},"32":{"start":{"line":63,"column":6},"end":{"line":67,"column":7}},"33":{"start":{"line":64,"column":8},"end":{"line":64,"column":30}},"34":{"start":{"line":65,"column":8},"end":{"line":65,"column":23}},"35":{"start":{"line":66,"column":8},"end":{"line":66,"column":19}},"36":{"start":{"line":68,"column":6},"end":{"line":68,"column":21}},"37":{"start":{"line":69,"column":6},"end":{"line":69,"column":17}},"38":{"start":{"line":71,"column":4},"end":{"line":71,"column":64}},"39":{"start":{"line":73,"column":11},"end":{"line":73,"column":24}}},"fnMap":{"0":{"name":"(anonymous_0)","decl":{"start":{"line":14,"column":17},"end":{"line":14,"column":18}},"loc":{"start":{"line":14,"column":31},"end":{"line":18,"column":6}},"line":14},"1":{"name":"(anonymous_1)","decl":{"start":{"line":14,"column":47},"end":{"line":14,"column":48}},"loc":{"start":{"line":14,"column":65},"end":{"line":18,"column":1}},"line":14},"2":{"name":"(anonymous_2)","decl":{"start":{"line":20,"column":17},"end":{"line":20,"column":18}},"loc":{"start":{"line":20,"column":42},"end":{"line":29,"column":1}},"line":20},"3":{"name":"(anonymous_3)","decl":{"start":{"line":22,"column":12},"end":{"line":22,"column":13}},"loc":{"start":{"line":22,"column":27},"end":{"line":26,"column":5}},"line":22},"4":{"name":"(anonymous_4)","decl":{"start":{"line":31,"column":22},"end":{"line":31,"column":23}},"loc":{"start":{"line":31,"column":57},"end":{"line":75,"column":1}},"line":31},"5":{"name":"(anonymous_5)","decl":{"start":{"line":36,"column":14},"end":{"line":36,"column":15}},"loc":{"start":{"line":36,"column":28},"end":{"line":36,"column":47}},"line":36},"6":{"name":"(anonymous_6)","decl":{"start":{"line":49,"column":45},"end":{"line":49,"column":46}},"loc":{"start":{"line":49,"column":58},"end":{"line":49,"column":82}},"line":49},"7":{"name":"(anonymous_7)","decl":{"start":{"line":54,"column":42},"end":{"line":54,"column":43}},"loc":{"start":{"line":54,"column":55},"end":{"line":54,"column":79}},"line":54},"8":{"name":"(anonymous_8)","decl":{"start":{"line":62,"column":42},"end":{"line":62,"column":43}},"loc":{"start":{"line":62,"column":57},"end":{"line":70,"column":5}},"line":62}},"branchMap":{"0":{"loc":{"start":{"line":31,"column":23},"end":{"line":31,"column":44}},"type":"default-arg","locations":[{"start":{"line":31,"column":31},"end":{"line":31,"column":44}}],"line":31},"1":{"loc":{"start":{"line":32,"column":2},"end":{"line":74,"column":3}},"type":"switch","locations":[{"start":{"line":33,"column":2},"end":{"line":33,"column":51}},{"start":{"line":34,"column":2},"end":{"line":39,"column":3}},{"start":{"line":40,"column":2},"end":{"line":40,"column":60}},{"start":{"line":41,"column":2},"end":{"line":46,"column":3}},{"start":{"line":47,"column":2},"end":{"line":51,"column":3}},{"start":{"line":52,"column":2},"end":{"line":59,"column":3}},{"start":{"line":60,"column":2},"end":{"line":72,"column":3}},{"start":{"line":73,"column":2},"end":{"line":73,"column":24}}],"line":32},"2":{"loc":{"start":{"line":63,"column":6},"end":{"line":67,"column":7}},"type":"if","locations":[{"start":{"line":63,"column":6},"end":{"line":67,"column":7}},{"start":{},"end":{}}],"line":63}},"s":{"0":2,"1":2,"2":1,"3":1,"4":1,"5":1,"6":2,"7":1,"8":16,"9":16,"10":16,"11":1,"12":1,"13":2,"14":34,"15":8,"16":6,"17":96,"18":6,"19":0,"20":1,"21":1,"22":1,"23":1,"24":1,"25":1,"26":1,"27":1,"28":1,"29":1,"30":1,"31":1,"32":1,"33":1,"34":1,"35":1,"36":0,"37":0,"38":1,"39":16},"f":{"0":1,"1":1,"2":1,"3":16,"4":34,"5":96,"6":1,"7":1,"8":1},"b":{"0":[11],"1":[8,6,0,1,1,1,1,16],"2":[1,0]},"_coverageSchema":"1a1c01bbd47fc00a2c39e90264f33305004495a9","hash":"ce338fbf43a4efe74f2218a9cd17454c78c68842"}
,"/home/victormatias/Documentos/Estudos/Trybe/projetos/sd-023-b-project-trybewallet/src/services/fetchCurrencies.js": {"path":"/home/victormatias/Documentos/Estudos/Trybe/projetos/sd-023-b-project-trybewallet/src/services/fetchCurrencies.js","statementMap":{"0":{"start":{"line":2,"column":14},"end":{"line":2,"column":59}},"1":{"start":{"line":3,"column":18},"end":{"line":3,"column":34}},"2":{"start":{"line":4,"column":19},"end":{"line":4,"column":33}},"3":{"start":{"line":6,"column":2},"end":{"line":6,"column":18}}},"fnMap":{"0":{"name":"fetchCurrencies","decl":{"start":{"line":1,"column":30},"end":{"line":1,"column":45}},"loc":{"start":{"line":1,"column":48},"end":{"line":7,"column":1}},"line":1}},"branchMap":{},"s":{"0":8,"1":8,"2":7,"3":7},"f":{"0":8},"b":{},"_coverageSchema":"1a1c01bbd47fc00a2c39e90264f33305004495a9","hash":"baed165a68725d700ad0cc9ee3a6ca9781548fc4"}
}
