{"total": {"lines":{"total":176,"covered":169,"skipped":0,"pct":96.02},"statements":{"total":193,"covered":184,"skipped":0,"pct":95.33},"functions":{"total":62,"covered":60,"skipped":0,"pct":96.77},"branches":{"total":24,"covered":22,"skipped":0,"pct":91.66},"branchesTrue":{"total":0,"covered":0,"skipped":0,"pct":100}}
,"/home/victormatias/Documentos/Estudos/Trybe/projetos/sd-023-b-project-trybewallet/src/App.js": {"lines":{"total":1,"covered":1,"skipped":0,"pct":100},"functions":{"total":1,"covered":1,"skipped":0,"pct":100},"statements":{"total":1,"covered":1,"skipped":0,"pct":100},"branches":{"total":0,"covered":0,"skipped":0,"pct":100}}
,"/home/victormatias/Documentos/Estudos/Trybe/projetos/sd-023-b-project-trybewallet/src/components/Header.js": {"lines":{"total":11,"covered":11,"skipped":0,"pct":100},"functions":{"total":4,"covered":4,"skipped":0,"pct":100},"statements":{"total":12,"covered":12,"skipped":0,"pct":100},"branches":{"total":2,"covered":2,"skipped":0,"pct":100}}
,"/home/victormatias/Documentos/Estudos/Trybe/projetos/sd-023-b-project-trybewallet/src/components/Loading.js": {"lines":{"total":1,"covered":1,"skipped":0,"pct":100},"functions":{"total":1,"covered":1,"skipped":0,"pct":100},"statements":{"total":1,"covered":1,"skipped":0,"pct":100},"branches":{"total":0,"covered":0,"skipped":0,"pct":100}}
,"/home/victormatias/Documentos/Estudos/Trybe/projetos/sd-023-b-project-trybewallet/src/components/Option.js": {"lines":{"total":3,"covered":3,"skipped":0,"pct":100},"functions":{"total":1,"covered":1,"skipped":0,"pct":100},"statements":{"total":3,"covered":3,"skipped":0,"pct":100},"branches":{"total":0,"covered":0,"skipped":0,"pct":100}}
,"/home/victormatias/Documentos/Estudos/Trybe/projetos/sd-023-b-project-trybewallet/src/components/Table.js": {"lines":{"total":7,"covered":7,"skipped":0,"pct":100},"functions":{"total":5,"covered":5,"skipped":0,"pct":100},"statements":{"total":8,"covered":8,"skipped":0,"pct":100},"branches":{"total":0,"covered":0,"skipped":0,"pct":100}}
,"/home/victormatias/Documentos/Estudos/Trybe/projetos/sd-023-b-project-trybewallet/src/components/WalletForm.js": {"lines":{"total":20,"covered":20,"skipped":0,"pct":100},"functions":{"total":8,"covered":8,"skipped":0,"pct":100},"statements":{"total":21,"covered":21,"skipped":0,"pct":100},"branches":{"total":0,"covered":0,"skipped":0,"pct":100}}
,"/home/victormatias/Documentos/Estudos/Trybe/projetos/sd-023-b-project-trybewallet/src/components/WalletFormEdit.js": {"lines":{"total":23,"covered":23,"skipped":0,"pct":100},"functions":{"total":9,"covered":9,"skipped":0,"pct":100},"statements":{"total":24,"covered":24,"skipped":0,"pct":100},"branches":{"total":0,"covered":0,"skipped":0,"pct":100}}
,"/home/victormatias/Documentos/Estudos/Trybe/projetos/sd-023-b-project-trybewallet/src/pages/Login.js": {"lines":{"total":22,"covered":22,"skipped":0,"pct":100},"functions":{"total":5,"covered":5,"skipped":0,"pct":100},"statements":{"total":22,"covered":22,"skipped":0,"pct":100},"branches":{"total":4,"covered":4,"skipped":0,"pct":100}}
,"/home/victormatias/Documentos/Estudos/Trybe/projetos/sd-023-b-project-trybewallet/src/pages/Wallet.js": {"lines":{"total":6,"covered":6,"skipped":0,"pct":100},"functions":{"total":3,"covered":3,"skipped":0,"pct":100},"statements":{"total":7,"covered":7,"skipped":0,"pct":100},"branches":{"total":4,"covered":4,"skipped":0,"pct":100}}
,"/home/victormatias/Documentos/Estudos/Trybe/projetos/sd-023-b-project-trybewallet/src/redux/actions/currencyActions.js": {"lines":{"total":14,"covered":12,"skipped":0,"pct":85.71},"functions":{"total":5,"covered":4,"skipped":0,"pct":80},"statements":{"total":17,"covered":14,"skipped":0,"pct":82.35},"branches":{"total":0,"covered":0,"skipped":0,"pct":100}}
,"/home/victormatias/Documentos/Estudos/Trybe/projetos/sd-023-b-project-trybewallet/src/redux/actions/deleteExpense.js": {"lines":{"total":2,"covered":2,"skipped":0,"pct":100},"functions":{"total":1,"covered":1,"skipped":0,"pct":100},"statements":{"total":3,"covered":3,"skipped":0,"pct":100},"branches":{"total":0,"covered":0,"skipped":0,"pct":100}}
,"/home/victormatias/Documentos/Estudos/Trybe/projetos/sd-023-b-project-trybewallet/src/redux/actions/editExpense.js": {"lines":{"total":4,"covered":4,"skipped":0,"pct":100},"functions":{"total":2,"covered":2,"skipped":0,"pct":100},"statements":{"total":6,"covered":6,"skipped":0,"pct":100},"branches":{"total":0,"covered":0,"skipped":0,"pct":100}}
,"/home/victormatias/Documentos/Estudos/Trybe/projetos/sd-023-b-project-trybewallet/src/redux/actions/index.js": {"lines":{"total":0,"covered":0,"skipped":0,"pct":100},"functions":{"total":0,"covered":0,"skipped":0,"pct":100},"statements":{"total":0,"covered":0,"skipped":0,"pct":100},"branches":{"total":0,"covered":0,"skipped":0,"pct":100}}
,"/home/victormatias/Documentos/Estudos/Trybe/projetos/sd-023-b-project-trybewallet/src/redux/actions/saveExpense.js": {"lines":{"total":12,"covered":10,"skipped":0,"pct":83.33},"functions":{"total":5,"covered":4,"skipped":0,"pct":80},"statements":{"total":15,"covered":12,"skipped":0,"pct":80},"branches":{"total":0,"covered":0,"skipped":0,"pct":100}}
,"/home/victormatias/Documentos/Estudos/Trybe/projetos/sd-023-b-project-trybewallet/src/redux/actions/saveUserInfos.js": {"lines":{"total":3,"covered":3,"skipped":0,"pct":100},"functions":{"total":1,"covered":1,"skipped":0,"pct":100},"statements":{"total":3,"covered":3,"skipped":0,"pct":100},"branches":{"total":0,"covered":0,"skipped":0,"pct":100}}
,"/home/victormatias/Documentos/Estudos/Trybe/projetos/sd-023-b-project-trybewallet/src/redux/reducers/index.js": {"lines":{"total":1,"covered":1,"skipped":0,"pct":100},"functions":{"total":0,"covered":0,"skipped":0,"pct":100},"statements":{"total":1,"covered":1,"skipped":0,"pct":100},"branches":{"total":0,"covered":0,"skipped":0,"pct":100}}
,"/home/victormatias/Documentos/Estudos/Trybe/projetos/sd-023-b-project-trybewallet/src/redux/reducers/user.js": {"lines":{"total":5,"covered":5,"skipped":0,"pct":100},"functions":{"total":1,"covered":1,"skipped":0,"pct":100},"statements":{"total":5,"covered":5,"skipped":0,"pct":100},"branches":{"total":3,"covered":3,"skipped":0,"pct":100}}
,"/home/victormatias/Documentos/Estudos/Trybe/projetos/sd-023-b-project-trybewallet/src/redux/reducers/wallet.js": {"lines":{"total":37,"covered":34,"skipped":0,"pct":91.89},"functions":{"total":9,"covered":9,"skipped":0,"pct":100},"statements":{"total":40,"covered":37,"skipped":0,"pct":92.5},"branches":{"total":11,"covered":9,"skipped":0,"pct":81.81}}
,"/home/victormatias/Documentos/Estudos/Trybe/projetos/sd-023-b-project-trybewallet/src/services/fetchCurrencies.js": {"lines":{"total":4,"covered":4,"skipped":0,"pct":100},"functions":{"total":1,"covered":1,"skipped":0,"pct":100},"statements":{"total":4,"covered":4,"skipped":0,"pct":100},"branches":{"total":0,"covered":0,"skipped":0,"pct":100}}
}
