TN:
SF:src/App.js
FN:8,(anonymous_0)
FNF:1
FNH:1
FNDA:11,(anonymous_0)
DA:9,11
LF:1
LH:1
BRF:0
BRH:0
end_of_record
TN:
SF:src/components/Header.js
FN:6,(anonymous_0)
FN:7,(anonymous_1)
FN:16,(anonymous_2)
FN:37,(anonymous_3)
FNF:4
FNH:4
FNDA:6,(anonymous_0)
FNDA:6,(anonymous_1)
FNDA:10,(anonymous_2)
FNDA:24,(anonymous_3)
DA:6,7
DA:7,6
DA:8,6
DA:9,6
DA:10,6
DA:12,6
DA:17,10
DA:18,10
DA:20,10
DA:33,2
DA:37,24
LF:11
LH:11
BRDA:18,0,0,6
BRDA:18,0,1,4
BRF:2
BRH:2
end_of_record
TN:
SF:src/components/Loading.js
FN:4,(anonymous_0)
FNF:1
FNH:1
FNDA:8,(anonymous_0)
DA:5,8
LF:1
LH:1
BRF:0
BRH:0
end_of_record
TN:
SF:src/components/Option.js
FN:5,(anonymous_0)
FNF:1
FNH:1
FNDA:1085,(anonymous_0)
DA:6,1085
DA:7,1085
DA:17,2
LF:3
LH:3
BRF:0
BRH:0
end_of_record
TN:
SF:src/components/Table.js
FN:8,(anonymous_0)
FN:31,(anonymous_1)
FN:54,(anonymous_2)
FN:62,(anonymous_3)
FN:82,(anonymous_4)
FNF:5
FNH:5
FNDA:15,(anonymous_0)
FNDA:9,(anonymous_1)
FNDA:1,(anonymous_2)
FNDA:1,(anonymous_3)
FNDA:23,(anonymous_4)
DA:9,15
DA:11,15
DA:32,9
DA:54,1
DA:62,1
DA:78,2
DA:82,23
LF:7
LH:7
BRF:0
BRH:0
end_of_record
TN:
SF:src/components/WalletForm.js
FN:10,(anonymous_0)
FN:21,(anonymous_1)
FN:25,(anonymous_2)
FN:38,(anonymous_3)
FN:69,(anonymous_4)
FN:85,(anonymous_5)
FN:101,(anonymous_6)
FN:124,(anonymous_7)
FNF:8
FNH:8
FNDA:7,(anonymous_0)
FNDA:12,(anonymous_1)
FNDA:1,(anonymous_2)
FNDA:25,(anonymous_3)
FNDA:195,(anonymous_4)
FNDA:75,(anonymous_5)
FNDA:125,(anonymous_6)
FNDA:21,(anonymous_7)
DA:7,2
DA:11,7
DA:12,7
DA:21,7
DA:22,12
DA:25,7
DA:26,1
DA:27,1
DA:28,1
DA:29,1
DA:40,25
DA:41,25
DA:42,25
DA:43,25
DA:45,25
DA:70,195
DA:86,75
DA:102,125
DA:117,2
DA:124,21
LF:20
LH:20
BRF:0
BRH:0
end_of_record
TN:
SF:src/components/WalletFormEdit.js
FN:10,(anonymous_0)
FN:21,(anonymous_1)
FN:34,(anonymous_2)
FN:38,(anonymous_3)
FN:52,(anonymous_4)
FN:83,(anonymous_5)
FN:99,(anonymous_6)
FN:115,(anonymous_7)
FN:139,(anonymous_8)
FNF:9
FNH:9
FNDA:2,(anonymous_0)
FNDA:2,(anonymous_1)
FNDA:26,(anonymous_2)
FNDA:1,(anonymous_3)
FNDA:30,(anonymous_4)
FNDA:450,(anonymous_5)
FNDA:90,(anonymous_6)
FNDA:150,(anonymous_7)
FNDA:3,(anonymous_8)
DA:7,2
DA:11,2
DA:12,2
DA:22,2
DA:23,2
DA:34,2
DA:35,26
DA:38,2
DA:39,1
DA:40,1
DA:41,1
DA:42,1
DA:49,1
DA:54,30
DA:55,30
DA:56,30
DA:57,30
DA:59,30
DA:84,450
DA:100,90
DA:116,150
DA:132,2
DA:139,3
LF:23
LH:23
BRF:0
BRH:0
end_of_record
TN:
SF:src/pages/Login.js
FN:8,(anonymous_0)
FN:17,(anonymous_1)
FN:33,(anonymous_2)
FN:37,(anonymous_3)
FN:46,(anonymous_4)
FNF:5
FNH:5
FNDA:5,(anonymous_0)
FNDA:136,(anonymous_1)
FNDA:136,(anonymous_2)
FNDA:1,(anonymous_3)
FNDA:277,(anonymous_4)
DA:9,5
DA:10,5
DA:17,5
DA:18,136
DA:20,136
DA:21,136
DA:23,136
DA:24,136
DA:26,136
DA:27,17
DA:29,119
DA:33,5
DA:34,136
DA:37,5
DA:38,1
DA:39,1
DA:40,1
DA:42,1
DA:43,1
DA:47,277
DA:49,277
DA:120,2
LF:22
LH:22
BRDA:26,0,0,17
BRDA:26,0,1,119
BRDA:26,1,0,136
BRDA:26,1,1,67
BRF:4
BRH:4
end_of_record
TN:
SF:src/pages/Wallet.js
FN:12,(anonymous_0)
FN:17,(anonymous_1)
FN:33,(anonymous_2)
FNF:3
FNH:3
FNDA:7,(anonymous_0)
FNDA:23,(anonymous_1)
FNDA:24,(anonymous_2)
DA:13,7
DA:14,7
DA:18,23
DA:19,23
DA:29,2
DA:33,24
LF:6
LH:6
BRDA:22,0,0,3
BRDA:22,0,1,20
BRDA:23,1,0,8
BRDA:23,1,1,15
BRF:4
BRH:4
end_of_record
TN:
SF:src/redux/actions/currencyActions.js
FN:7,(anonymous_0)
FN:11,(anonymous_1)
FN:16,(anonymous_2)
FN:21,(anonymous_3)
FN:22,(anonymous_4)
FNF:5
FNH:4
FNDA:7,(anonymous_0)
FNDA:6,(anonymous_1)
FNDA:0,(anonymous_2)
FNDA:7,(anonymous_3)
FNDA:7,(anonymous_4)
DA:3,2
DA:4,2
DA:5,2
DA:7,7
DA:11,6
DA:16,2
DA:21,2
DA:22,7
DA:23,7
DA:25,7
DA:26,7
DA:27,6
DA:29,0
DA:30,0
LF:14
LH:12
BRF:0
BRH:0
end_of_record
TN:
SF:src/redux/actions/deleteExpense.js
FN:3,(anonymous_0)
FNF:1
FNH:1
FNDA:1,(anonymous_0)
DA:1,2
DA:3,2
LF:2
LH:2
BRF:0
BRH:0
end_of_record
TN:
SF:src/redux/actions/editExpense.js
FN:4,(anonymous_0)
FN:9,(anonymous_1)
FNF:2
FNH:2
FNDA:1,(anonymous_0)
FNDA:1,(anonymous_1)
DA:1,2
DA:2,2
DA:4,2
DA:9,2
LF:4
LH:4
BRF:0
BRH:0
end_of_record
TN:
SF:src/redux/actions/index.js
FNF:0
FNH:0
LF:0
LH:0
BRF:0
BRH:0
end_of_record
TN:
SF:src/redux/actions/saveExpense.js
FN:6,(anonymous_0)
FN:10,(anonymous_1)
FN:16,(anonymous_2)
FN:21,(anonymous_3)
FN:22,(anonymous_4)
FNF:5
FNH:4
FNDA:1,(anonymous_0)
FNDA:1,(anonymous_1)
FNDA:0,(anonymous_2)
FNDA:1,(anonymous_3)
FNDA:1,(anonymous_4)
DA:4,2
DA:6,2
DA:10,2
DA:16,2
DA:21,2
DA:22,1
DA:23,1
DA:25,1
DA:26,1
DA:27,1
DA:29,0
DA:30,0
LF:12
LH:10
BRF:0
BRH:0
end_of_record
TN:
SF:src/redux/actions/saveUserInfos.js
FN:3,(anonymous_0)
FNF:1
FNH:1
FNDA:1,(anonymous_0)
DA:1,2
DA:3,2
DA:4,1
LF:3
LH:3
BRF:0
BRH:0
end_of_record
TN:
SF:src/redux/reducers/index.js
FNF:0
FNH:0
DA:8,2
LF:1
LH:1
BRF:0
BRH:0
end_of_record
TN:
SF:src/redux/reducers/user.js
FN:8,(anonymous_0)
FNF:1
FNH:1
FNDA:34,(anonymous_0)
DA:4,2
DA:8,2
DA:9,34
DA:10,1
DA:14,33
LF:5
LH:5
BRDA:8,0,0,11
BRDA:9,1,0,1
BRDA:9,1,1,33
BRF:3
BRH:3
end_of_record
TN:
SF:src/redux/reducers/wallet.js
FN:14,(anonymous_0)
FN:14,(anonymous_1)
FN:20,(anonymous_2)
FN:22,(anonymous_3)
FN:31,(anonymous_4)
FN:36,(anonymous_5)
FN:49,(anonymous_6)
FN:54,(anonymous_7)
FN:62,(anonymous_8)
FNF:9
FNH:9
FNDA:1,(anonymous_0)
FNDA:1,(anonymous_1)
FNDA:1,(anonymous_2)
FNDA:16,(anonymous_3)
FNDA:34,(anonymous_4)
FNDA:96,(anonymous_5)
FNDA:1,(anonymous_6)
FNDA:1,(anonymous_7)
FNDA:1,(anonymous_8)
DA:7,2
DA:14,2
DA:15,1
DA:16,1
DA:17,1
DA:20,2
DA:21,1
DA:23,16
DA:24,16
DA:25,16
DA:27,1
DA:28,1
DA:31,2
DA:32,34
DA:33,8
DA:35,6
DA:36,96
DA:37,6
DA:40,0
DA:42,1
DA:44,1
DA:48,1
DA:49,1
DA:50,1
DA:53,1
DA:54,1
DA:55,1
DA:61,1
DA:62,1
DA:63,1
DA:64,1
DA:65,1
DA:66,1
DA:68,0
DA:69,0
DA:71,1
DA:73,16
LF:37
LH:34
BRDA:31,0,0,11
BRDA:32,1,0,8
BRDA:32,1,1,6
BRDA:32,1,2,0
BRDA:32,1,3,1
BRDA:32,1,4,1
BRDA:32,1,5,1
BRDA:32,1,6,1
BRDA:32,1,7,16
BRDA:63,2,0,1
BRDA:63,2,1,0
BRF:11
BRH:9
end_of_record
TN:
SF:src/services/fetchCurrencies.js
FN:1,fetchCurrencies
FNF:1
FNH:1
FNDA:8,fetchCurrencies
DA:2,8
DA:3,8
DA:4,7
DA:6,7
LF:4
LH:4
BRF:0
BRH:0
end_of_record
